<?xml version="1.0" encoding="UTF-8"?>
<!-- Generated by org.testng.reporters.JUnitXMLReporter -->
<testsuite hostname="LAPTOP-HHFIH5D1" name="Test" tests="1" failures="1" timestamp="10 Jun 2020 06:12:14 GMT" time="20.057" errors="0">
  <testcase name="feature" time="19.468" classname="com.verifone.testrunners.TestRunner">
    <failure type="cucumber.runtime.CucumberException" message="java.lang.AssertionError: expected [https://www.linkedin.com/company/verifone/] but found [https://www.linkedin.com/authwall?trk=bf&amp;amp;trkInfo=AQEn3p7lLTPZ3AAAAXKc236Qwn0c0HFUcSnuMAJel3qYl6TcvRWiOQfM7T9jRA2CY_xK7Pymh5qFGD_yZqovqbimbblYX27pdr5i7U0nPUvIpQ90c3vnDK_nPkCZfludD3cslys=&amp;amp;originalReferer=&amp;amp;sessionRedirect=https%3A%2F%2Fwww.linkedin.com%2Fcompany%2Fverifone%2F]">
      <![CDATA[cucumber.runtime.CucumberException: java.lang.AssertionError: expected [https://www.linkedin.com/company/verifone/] but found [https://www.linkedin.com/authwall?trk=bf&trkInfo=AQEn3p7lLTPZ3AAAAXKc236Qwn0c0HFUcSnuMAJel3qYl6TcvRWiOQfM7T9jRA2CY_xK7Pymh5qFGD_yZqovqbimbblYX27pdr5i7U0nPUvIpQ90c3vnDK_nPkCZfludD3cslys=&originalReferer=&sessionRedirect=https%3A%2F%2Fwww.linkedin.com%2Fcompany%2Fverifone%2F]
	at cucumber.api.testng.TestNGCucumberRunner.runCucumber(TestNGCucumberRunner.java:69)
	at cucumber.api.testng.AbstractTestNGCucumberTests.feature(AbstractTestNGCucumberTests.java:21)
Caused by: java.lang.AssertionError: expected [https://www.linkedin.com/company/verifone/] but found [https://www.linkedin.com/authwall?trk=bf&trkInfo=AQEn3p7lLTPZ3AAAAXKc236Qwn0c0HFUcSnuMAJel3qYl6TcvRWiOQfM7T9jRA2CY_xK7Pymh5qFGD_yZqovqbimbblYX27pdr5i7U0nPUvIpQ90c3vnDK_nPkCZfludD3cslys=&originalReferer=&sessionRedirect=https%3A%2F%2Fwww.linkedin.com%2Fcompany%2Fverifone%2F]
	at com.verifone.stepdefinitions.VerifoneEcommerceStepDefs.user_navigates_to(VerifoneEcommerceStepDefs.java:139)
	at âœ½.And User navigates to "https://www.linkedin.com/company/verifone/"(VerifyEcommercePlatform.feature:18)
... Removed 30 stack frames]]>
    </failure>
  </testcase> <!-- feature -->
</testsuite> <!-- Test -->
